commit 615bf421c2a589ebe95663f5c64fdffc71f1bd19
Author: Unknown <malallo@my.uri.edu>
Date:   Mon Dec 11 17:34:59 2017 -0500

    NOW the comments are added
    
    whoops

commit 433c01268dea73ebe94d19504b69cbe39cfe3507
Author: Unknown <malallo@my.uri.edu>
Date:   Mon Dec 11 17:33:20 2017 -0500

    THE LOG

commit 3fbf8846daf43764986bb990d1d203fcdfbebcf3
Author: Unknown <malallo@my.uri.edu>
Date:   Mon Dec 11 17:32:21 2017 -0500

    Removed useless function - Now with more comments
    
    Comments everywhere. One probably too detailed.

commit ecfa9ca6963c0981f1ff409ba5866bf6d7981149
Author: Unknown <malallo@my.uri.edu>
Date:   Mon Dec 11 17:19:20 2017 -0500

    Fixed variable type errors
    
    DO NOT COMPARE LONG LONG WITH DOUBLE
    (also renamed the command from the compile script)
    Re using Milestone one methods due to "improvements" failing.

commit 82891cf1608f28bad744aeddfdef0c76336f6c92
Author: Unknown <malallo@my.uri.edu>
Date:   Mon Dec 11 16:40:50 2017 -0500

    Fix frequency misread error
    
    still thinks there are thousands of 'zzz' in test/italian. French no longer winning

commit 308c7326b85362d711853ef18356f2083d82fab8
Author: Unknown <malallo@my.uri.edu>
Date:   Mon Dec 11 16:02:17 2017 -0500

    Added Compile. Fixed negative square roots.
    
    The French Keep winning

commit 512298d0e2714d39f72ef0339ccac84bcd46acee
Author: Unknown <malallo@my.uri.edu>
Date:   Mon Dec 11 00:51:45 2017 -0500

    Set up basis for comparator, added way to get correct results in main
    
    Comparator is created, but has only the code for the numerator. Main function sets up the test first, then compares it to each other file listed to return the best result.

commit 05700bb39886f830110f43753e3348209db469fa
Author: Unknown <malallo@my.uri.edu>
Date:   Sun Dec 10 23:06:33 2017 -0500

    Actually changed to frequency function
    
    details mentioned in last commit, now with the proper argc check

commit 508daa16ffbaf64104b69db092839c89a3bd6581
Author: Unknown <malallo@my.uri.edu>
Date:   Sun Dec 10 23:05:17 2017 -0500

    Added shell for milestone 2
    
    Copied code from milestone 1. Edits made to return a vector instead of a void function

commit 9993eaf7699d4e78bf1612b5371b4ed247d3c477
Author: Unknown <malallo@my.uri.edu>
Date:   Sun Dec 3 20:59:36 2017 -0500

    Logged again after forgetting to push

commit 207a10fadcbfeacd1598b6824ad76335c9768ef0
Author: Unknown <malallo@my.uri.edu>
Date:   Sun Dec 3 20:56:59 2017 -0500

    Git Log added

commit e09409a3d937123185940eacedb72616a7ed8ffb
Merge: 9478692 185bf91
Author: unknown <unknown@example.com>
Date:   Sun Dec 3 20:38:25 2017 -0500

    Merge branch 'Milestone1'

commit 185bf91ea781a04d47f77d7b9be8a7e92e1242b8
Author: Unknown <malallo@my.uri.edu>
Date:   Sun Dec 3 20:37:55 2017 -0500

    Fixed compile script, compiled, ran tests
    
    Eyes hurt, but the few tests seem to work

commit 63f6712c9fed60be2ce85b5885d821f5918f0ef0
Author: Unknown <malallo@my.uri.edu>
Date:   Sun Dec 3 17:23:09 2017 -0500

    Compile file added
    
    Still unsure about this part

commit cf18781a925576edf7932a25c27c03f6ad8ef615
Author: Unknown <malallo@my.uri.edu>
Date:   Sun Dec 3 17:22:30 2017 -0500

    Renamed .cpp file
    
    Might do what I think it does with compiling

commit 808bb51b84811628ae6e7d173262fc959c0b2800
Author: Unknown <malallo@my.uri.edu>
Date:   Sun Dec 3 17:17:53 2017 -0500

    Added print statement
    
    Hopefully works

commit 4160bb96e8f16417be982bf68b98edd44fc1c05a
Author: Unknown <malallo@my.uri.edu>
Date:   Sun Dec 3 17:09:08 2017 -0500

    Skeleton for Frequency added

commit 9478692484d97763a966d5d2cdad40472546080b
Merge: 01210df 207d7b2
Author: unknown <unknown@example.com>
Date:   Mon Nov 20 16:35:45 2017 -0500

    Merge branch 'Design'

commit 207d7b2f4c8cc547dc2cae23c902492581034054
Author: Unknown <malallo@my.uri.edu>
Date:   Mon Nov 20 14:17:51 2017 -0500

    Finished Design Document
    
    Added Nate's email, finishing touches on compiling

commit ae6af45ac2579057c7af33f1a5bfdb25808942b6
Author: Unknown <malallo@my.uri.edu>
Date:   Sun Nov 19 17:58:56 2017 -0500

    Design draft mostly done

commit 7cf460083ae16c58ce1a03ba3a087b3ba46425ff
Author: Unknown <malallo@my.uri.edu>
Date:   Sun Nov 19 12:54:14 2017 -0500

    Format of design document to follow added
    
    Copied the design.md from Sakai

commit 01210df7cb0cb0509adaaba0cdda8a995c4765d8
Author: Unknown <malallo@my.uri.edu>
Date:   Sun Nov 19 12:45:58 2017 -0500

    Initial commit
